1742699704.409108
Configuration File Parsed.
1742699704.4092646
Starting network emulator on  8000.

1742699709.4094043
Current Average Incoming Traffic: 2200.00933651118 bytes/sec

1742699714.4095724
Current Average Incoming Traffic: 3499.2456046072434 bytes/sec

1742699719.4097703
Current Average Incoming Traffic: 3932.781715737157 bytes/sec

1742699724.409983
Current Average Incoming Traffic: 4099.886269148013 bytes/sec

1742699729.4101434
Current Average Incoming Traffic: 4239.596722999492 bytes/sec

1742699734.4102497
Current Average Incoming Traffic: 4332.975584913983 bytes/sec

1742699739.4103537
Current Average Incoming Traffic: 4371.308807618112 bytes/sec

1742699744.4104536
Current Average Incoming Traffic: 4424.707216796695 bytes/sec

1742699749.410636
Current Average Incoming Traffic: 4466.392744782186 bytes/sec

1742699754.410739
Current Average Incoming Traffic: 4479.879156702092 bytes/sec

1742699759.4108405
Current Average Incoming Traffic: 4508.845250373834 bytes/sec

1742699764.4109209
Current Average Incoming Traffic: 4533.100735488202 bytes/sec

1742699769.4110138
Current Average Incoming Traffic: 4538.348258605738 bytes/sec

1742699774.4111283
Current Average Incoming Traffic: 4557.030421909685 bytes/sec

1742699779.4112282
Current Average Incoming Traffic: 4573.127740795089 bytes/sec

1742699784.4113202
Current Average Incoming Traffic: 4574.889508174138 bytes/sec

1742699789.4114466
Current Average Incoming Traffic: 4588.125467124444 bytes/sec

1742699794.4115667
Current Average Incoming Traffic: 4599.811055384058 bytes/sec

1742699799.4116592
Current Average Incoming Traffic: 4599.889937574826 bytes/sec

1742699804.4117935
Current Average Incoming Traffic: 4609.890553259541 bytes/sec

1742699809.4119372
Current Average Incoming Traffic: 4618.869235803741 bytes/sec

1742699814.4120948
Current Average Incoming Traffic: 4618.070203389172 bytes/sec

1742699819.4122107
Current Average Incoming Traffic: 4625.973576546499 bytes/sec

1742699824.4123566
Current Average Incoming Traffic: 4633.161738415501 bytes/sec

1742699829.4125414
Current Average Incoming Traffic: 4639.828864476152 bytes/sec

1742699831.5278106
Test Complete. Terminating...

