

20:32:48.205079
Register Request 4


20:32:58.876034
Register Request 5


20:32:58.876263
Register Response 0


20:32:58.876312
Register Response 1


20:32:58.876353
Register Response 2


20:32:58.876390
Register Response 3


20:32:58.876429
Register Response 4


20:32:58.876479
Register Response 5


20:32:58.876778
Routing Update
0,0:0,0
0,1:1,100
0,2:1,150
0,3:3,200
0,4:1,280
0,5:5,80
1,0:0,100
1,1:1,0
1,2:2,50
1,3:2,100
1,4:4,180
1,5:0,180
2,0:1,150
2,1:1,50
2,2:2,0
2,3:3,50
2,4:3,150
2,5:5,150
3,0:0,200
3,1:2,100
3,2:2,50
3,3:3,0
3,4:4,100
3,5:2,200
4,0:1,280
4,1:1,180
4,2:3,150
4,3:3,100
4,4:4,0
4,5:3,300
5,0:0,80
5,1:0,180
5,2:2,150
5,3:2,200
5,4:2,300
5,5:5,0
Routing Complete


20:33:26.880668
Switch Dead 1


20:33:26.881734
Routing Update
0,0:0,0
0,1:-1,9999
0,2:5,230
0,3:3,200
0,4:3,300
0,5:5,80
2,0:5,230
2,1:-1,9999
2,2:2,0
2,3:3,50
2,4:3,150
2,5:5,150
3,0:0,200
3,1:-1,9999
3,2:2,50
3,3:3,0
3,4:4,100
3,5:2,200
4,0:3,300
4,1:-1,9999
4,2:3,150
4,3:3,100
4,4:4,0
4,5:3,300
5,0:0,80
5,1:-1,9999
5,2:2,150
5,3:2,200
5,4:2,300
5,5:5,0
Routing Complete
