

19:53:00.762173
Register Request Sent


19:53:03.084957
Register Response received


19:53:03.085160
Routing Update
0,0:0
0,1:1
0,2:2
Routing Complete


19:53:36.702289
Register Request Sent


19:53:36.703144
Register Response received


19:53:36.703218
Routing Update
0,0:0
0,1:1
0,2:2
Routing Complete


20:21:09.256836
Register Request Sent


20:21:15.777936
Register Response received


20:21:15.778189
Routing Update
0,0:0
0,1:1
0,2:2
Routing Complete


20:26:06.770909
Register Request Sent


20:26:09.567861
Register Response received


20:31:07.343870
Register Request Sent


20:31:09.742827
Register Response received


20:31:09.742997
Routing Update
0,0:0
0,1:1
0,2:2
Routing Complete


20:32:07.592118
Register Request Sent


20:32:10.563644
Register Response received


20:32:10.563815
Routing Update
0,0:0
0,1:1
0,2:2
Routing Complete


20:32:31.217083
Register Request Sent


20:32:58.876420
Register Response received


20:32:58.876758
Routing Update
0,0:0
0,1:1
0,2:1
0,3:3
0,4:1
0,5:5
Routing Complete


20:33:24.880419
Neighbor Dead 1


20:33:26.881767
Routing Update
0,0:0
0,1:-1
0,2:5
0,3:3
0,4:3
0,5:5
Routing Complete
