Running tests for student5.py
========================================================================================================================
Running test: tests/hi_avg_hi_var.ini
	Total rebuffer time:      0.33
	Total variation:          37.00
User quality of experience = [2.00(Quality) - 8.00(Rebuffer Time) - 1.00(Variation)] / (Chunk Count)
User quality of experience: 2.989

========================================================================================================================
Running test: tests/hi_avg_lo_var.ini
	Total rebuffer time:      0.47
	Total variation:          22.00
User quality of experience = [2.00(Quality) - 8.00(Rebuffer Time) - 1.00(Variation)] / (Chunk Count)
User quality of experience: 2.963

========================================================================================================================
Running test: tests/hi_avg_mi_var.ini
	Total rebuffer time:      0.33
	Total variation:          14.00
User quality of experience = [2.00(Quality) - 8.00(Rebuffer Time) - 1.00(Variation)] / (Chunk Count)
User quality of experience: 3.219

========================================================================================================================
Running test: tests/lo_avg_hi_var.ini
	Total rebuffer time:      1.12
	Total variation:          39.00
User quality of experience = [2.00(Quality) - 8.00(Rebuffer Time) - 1.00(Variation)] / (Chunk Count)
User quality of experience: 0.963

========================================================================================================================
Running test: tests/lo_avg_lo_var.ini
	Total rebuffer time:      17.32
	Total variation:          36.00
User quality of experience = [2.00(Quality) - 8.00(Rebuffer Time) - 1.00(Variation)] / (Chunk Count)
User quality of experience: 0.065

========================================================================================================================
Running test: tests/lo_avg_mi_var.ini
	Total rebuffer time:      2.95
	Total variation:          61.00
User quality of experience = [2.00(Quality) - 8.00(Rebuffer Time) - 1.00(Variation)] / (Chunk Count)
User quality of experience: 0.106

========================================================================================================================
Running test: tests/mi_avg_hi_var.ini
	Total rebuffer time:      0.40
	Total variation:          31.00
User quality of experience = [2.00(Quality) - 8.00(Rebuffer Time) - 1.00(Variation)] / (Chunk Count)
User quality of experience: 1.849

========================================================================================================================
Running test: tests/mi_avg_lo_var.ini
	Total rebuffer time:      0.50
	Total variation:          29.00
User quality of experience = [2.00(Quality) - 8.00(Rebuffer Time) - 1.00(Variation)] / (Chunk Count)
User quality of experience: 1.736

========================================================================================================================
Running test: tests/mi_avg_mi_var.ini
	Total rebuffer time:      4.35
	Total variation:          23.00
User quality of experience = [2.00(Quality) - 8.00(Rebuffer Time) - 1.00(Variation)] / (Chunk Count)
User quality of experience: 1.131

========================================================================================================================
